2025-05-14 13:11:31 [restartedMain] INFO  c.q.QiaoQiaoMatchThreeApplication - Starting QiaoQiaoMatchThreeApplication using Java 17.0.14 on LAPTOP-6GRC774H with PID 34336 (D:\code\QiaoQiaoMatchThree\target\classes started by XHDN in D:\code\QiaoQiaoMatchThree)
2025-05-14 13:11:31 [restartedMain] DEBUG c.q.QiaoQiaoMatchThreeApplication - Running with Spring Boot v2.7.0, Spring v5.3.20
2025-05-14 13:11:31 [restartedMain] INFO  c.q.QiaoQiaoMatchThreeApplication - No active profile set, falling back to 1 default profile: "default"
2025-05-14 13:11:31 [restartedMain] INFO  o.s.b.d.e.DevToolsPropertyDefaultsPostProcessor - Devtools property defaults active! Set 'spring.devtools.add-properties' to 'false' to disable
2025-05-14 13:11:31 [restartedMain] INFO  o.s.b.d.e.DevToolsPropertyDefaultsPostProcessor - For additional web related logging consider setting the 'logging.level.web' property to 'DEBUG'
2025-05-14 13:11:32 [restartedMain] INFO  o.s.d.r.c.RepositoryConfigurationDelegate - Bootstrapping Spring Data JPA repositories in DEFAULT mode.
2025-05-14 13:11:32 [restartedMain] INFO  o.s.d.r.c.RepositoryConfigurationDelegate - Finished Spring Data repository scanning in 36 ms. Found 2 JPA repository interfaces.
2025-05-14 13:11:32 [restartedMain] INFO  o.s.b.w.e.tomcat.TomcatWebServer - Tomcat initialized with port(s): 8080 (http)
2025-05-14 13:11:32 [restartedMain] INFO  o.a.catalina.core.StandardService - Starting service [Tomcat]
2025-05-14 13:11:32 [restartedMain] INFO  o.a.catalina.core.StandardEngine - Starting Servlet engine: [Apache Tomcat/9.0.63]
2025-05-14 13:11:32 [restartedMain] INFO  o.a.c.c.C.[Tomcat].[localhost].[/] - Initializing Spring embedded WebApplicationContext
2025-05-14 13:11:32 [restartedMain] INFO  o.s.b.w.s.c.ServletWebServerApplicationContext - Root WebApplicationContext: initialization completed in 1268 ms
2025-05-14 13:11:32 [restartedMain] INFO  com.zaxxer.hikari.HikariDataSource - HikariPool-1 - Starting...
2025-05-14 13:11:33 [restartedMain] INFO  com.zaxxer.hikari.HikariDataSource - HikariPool-1 - Start completed.
2025-05-14 13:11:33 [restartedMain] INFO  o.s.b.a.h.H2ConsoleAutoConfiguration - H2 console available at '/h2-console'. Database available at 'jdbc:h2:mem:qiaoqiaodb'
2025-05-14 13:11:33 [restartedMain] INFO  o.h.jpa.internal.util.LogHelper - HHH000204: Processing PersistenceUnitInfo [name: default]
2025-05-14 13:11:33 [restartedMain] INFO  org.hibernate.Version - HHH000412: Hibernate ORM core version 5.6.9.Final
2025-05-14 13:11:33 [restartedMain] INFO  o.h.annotations.common.Version - HCANN000001: Hibernate Commons Annotations {5.1.2.Final}
2025-05-14 13:11:33 [restartedMain] INFO  org.hibernate.dialect.Dialect - HHH000400: Using dialect: org.hibernate.dialect.H2Dialect
2025-05-14 13:11:33 [restartedMain] INFO  o.h.e.t.j.p.i.JtaPlatformInitiator - HHH000490: Using JtaPlatform implementation: [org.hibernate.engine.transaction.jta.platform.internal.NoJtaPlatform]
2025-05-14 13:11:33 [restartedMain] INFO  o.s.o.j.LocalContainerEntityManagerFactoryBean - Initialized JPA EntityManagerFactory for persistence unit 'default'
2025-05-14 13:11:33 [restartedMain] WARN  o.s.b.a.o.j.JpaBaseConfiguration$JpaWebConfiguration - spring.jpa.open-in-view is enabled by default. Therefore, database queries may be performed during view rendering. Explicitly configure spring.jpa.open-in-view to disable this warning
2025-05-14 13:11:34 [restartedMain] WARN  o.s.b.a.s.s.UserDetailsServiceAutoConfiguration - 

Using generated security password: f077f355-1088-4311-be0b-f765e9247045

This generated password is for development use only. Your security configuration must be updated before running your application in production.

2025-05-14 13:11:34 [restartedMain] INFO  o.s.s.web.DefaultSecurityFilterChain - Will secure any request with [org.springframework.security.web.session.DisableEncodeUrlFilter@65ebe493, org.springframework.security.web.context.request.async.WebAsyncManagerIntegrationFilter@40190645, org.springframework.security.web.context.SecurityContextPersistenceFilter@28688586, org.springframework.security.web.header.HeaderWriterFilter@17f0e944, org.springframework.security.web.authentication.logout.LogoutFilter@43eff20, org.springframework.security.web.savedrequest.RequestCacheAwareFilter@23b8799f, org.springframework.security.web.servletapi.SecurityContextHolderAwareRequestFilter@36c75ebd, org.springframework.security.web.authentication.AnonymousAuthenticationFilter@7758e99e, org.springframework.security.web.session.SessionManagementFilter@328c99fd, org.springframework.security.web.access.ExceptionTranslationFilter@48bd16ed, org.springframework.security.web.access.intercept.FilterSecurityInterceptor@c09d7dc]
2025-05-14 13:11:34 [restartedMain] INFO  o.s.b.a.w.s.WelcomePageHandlerMapping - Adding welcome page template: index
2025-05-14 13:11:34 [restartedMain] INFO  o.s.b.d.a.OptionalLiveReloadServer - LiveReload server is running on port 35729
2025-05-14 13:11:34 [restartedMain] INFO  o.s.b.w.e.tomcat.TomcatWebServer - Tomcat started on port(s): 8080 (http) with context path ''
2025-05-14 13:11:34 [restartedMain] INFO  c.q.QiaoQiaoMatchThreeApplication - Started QiaoQiaoMatchThreeApplication in 3.504 seconds (JVM running for 4.363)
2025-05-14 13:12:06 [http-nio-8080-exec-1] INFO  o.a.c.c.C.[Tomcat].[localhost].[/] - Initializing Spring DispatcherServlet 'dispatcherServlet'
2025-05-14 13:12:06 [http-nio-8080-exec-1] INFO  o.s.web.servlet.DispatcherServlet - Initializing Servlet 'dispatcherServlet'
2025-05-14 13:12:06 [http-nio-8080-exec-1] INFO  o.s.web.servlet.DispatcherServlet - Completed initialization in 4 ms
2025-05-14 13:17:10 [SpringApplicationShutdownHook] INFO  o.s.o.j.LocalContainerEntityManagerFactoryBean - Closing JPA EntityManagerFactory for persistence unit 'default'
2025-05-14 13:17:10 [SpringApplicationShutdownHook] WARN  o.s.b.f.s.DisposableBeanAdapter - Invocation of destroy method failed on bean with name 'inMemoryDatabaseShutdownExecutor': org.h2.jdbc.JdbcSQLNonTransientConnectionException: Database is already closed (to disable automatic closing at VM shutdown, add ";DB_CLOSE_ON_EXIT=FALSE" to the db URL) [90121-212]
2025-05-14 13:17:10 [SpringApplicationShutdownHook] INFO  com.zaxxer.hikari.HikariDataSource - HikariPool-1 - Shutdown initiated...
2025-05-14 13:17:10 [SpringApplicationShutdownHook] INFO  com.zaxxer.hikari.HikariDataSource - HikariPool-1 - Shutdown completed.
2025-05-14 13:17:17 [restartedMain] INFO  c.q.QiaoQiaoMatchThreeApplication - Starting QiaoQiaoMatchThreeApplication using Java 17.0.14 on LAPTOP-6GRC774H with PID 26116 (D:\code\QiaoQiaoMatchThree\target\classes started by XHDN in D:\code\QiaoQiaoMatchThree)
2025-05-14 13:17:17 [restartedMain] DEBUG c.q.QiaoQiaoMatchThreeApplication - Running with Spring Boot v2.7.0, Spring v5.3.20
2025-05-14 13:17:17 [restartedMain] INFO  c.q.QiaoQiaoMatchThreeApplication - No active profile set, falling back to 1 default profile: "default"
2025-05-14 13:17:17 [restartedMain] INFO  o.s.b.d.e.DevToolsPropertyDefaultsPostProcessor - Devtools property defaults active! Set 'spring.devtools.add-properties' to 'false' to disable
2025-05-14 13:17:17 [restartedMain] INFO  o.s.b.d.e.DevToolsPropertyDefaultsPostProcessor - For additional web related logging consider setting the 'logging.level.web' property to 'DEBUG'
2025-05-14 13:17:17 [restartedMain] INFO  o.s.d.r.c.RepositoryConfigurationDelegate - Bootstrapping Spring Data JPA repositories in DEFAULT mode.
2025-05-14 13:17:17 [restartedMain] INFO  o.s.d.r.c.RepositoryConfigurationDelegate - Finished Spring Data repository scanning in 37 ms. Found 2 JPA repository interfaces.
2025-05-14 13:17:18 [restartedMain] INFO  o.s.b.w.e.tomcat.TomcatWebServer - Tomcat initialized with port(s): 8080 (http)
2025-05-14 13:17:18 [restartedMain] INFO  o.a.catalina.core.StandardService - Starting service [Tomcat]
2025-05-14 13:17:18 [restartedMain] INFO  o.a.catalina.core.StandardEngine - Starting Servlet engine: [Apache Tomcat/9.0.63]
2025-05-14 13:17:18 [restartedMain] INFO  o.a.c.c.C.[Tomcat].[localhost].[/] - Initializing Spring embedded WebApplicationContext
2025-05-14 13:17:18 [restartedMain] INFO  o.s.b.w.s.c.ServletWebServerApplicationContext - Root WebApplicationContext: initialization completed in 1162 ms
2025-05-14 13:17:18 [restartedMain] INFO  com.zaxxer.hikari.HikariDataSource - HikariPool-1 - Starting...
2025-05-14 13:17:18 [restartedMain] INFO  com.zaxxer.hikari.HikariDataSource - HikariPool-1 - Start completed.
2025-05-14 13:17:18 [restartedMain] INFO  o.s.b.a.h.H2ConsoleAutoConfiguration - H2 console available at '/h2-console'. Database available at 'jdbc:h2:mem:qiaoqiaodb'
2025-05-14 13:17:18 [restartedMain] INFO  o.h.jpa.internal.util.LogHelper - HHH000204: Processing PersistenceUnitInfo [name: default]
2025-05-14 13:17:18 [restartedMain] INFO  org.hibernate.Version - HHH000412: Hibernate ORM core version 5.6.9.Final
2025-05-14 13:17:18 [restartedMain] INFO  o.h.annotations.common.Version - HCANN000001: Hibernate Commons Annotations {5.1.2.Final}
2025-05-14 13:17:18 [restartedMain] INFO  org.hibernate.dialect.Dialect - HHH000400: Using dialect: org.hibernate.dialect.H2Dialect
2025-05-14 13:17:19 [restartedMain] INFO  o.h.e.t.j.p.i.JtaPlatformInitiator - HHH000490: Using JtaPlatform implementation: [org.hibernate.engine.transaction.jta.platform.internal.NoJtaPlatform]
2025-05-14 13:17:19 [restartedMain] INFO  o.s.o.j.LocalContainerEntityManagerFactoryBean - Initialized JPA EntityManagerFactory for persistence unit 'default'
2025-05-14 13:17:19 [restartedMain] WARN  o.s.b.a.o.j.JpaBaseConfiguration$JpaWebConfiguration - spring.jpa.open-in-view is enabled by default. Therefore, database queries may be performed during view rendering. Explicitly configure spring.jpa.open-in-view to disable this warning
2025-05-14 13:17:19 [restartedMain] WARN  o.s.b.a.s.s.UserDetailsServiceAutoConfiguration - 

Using generated security password: be7df8e1-69b1-4670-8fe0-6cec9b4a9e48

This generated password is for development use only. Your security configuration must be updated before running your application in production.

2025-05-14 13:17:19 [restartedMain] INFO  o.s.s.web.DefaultSecurityFilterChain - Will secure any request with [org.springframework.security.web.session.DisableEncodeUrlFilter@2d92d43b, org.springframework.security.web.context.request.async.WebAsyncManagerIntegrationFilter@49b06c2d, org.springframework.security.web.context.SecurityContextPersistenceFilter@7d02d140, org.springframework.security.web.header.HeaderWriterFilter@51c895ba, org.springframework.security.web.authentication.logout.LogoutFilter@7f7b1c21, org.springframework.security.web.savedrequest.RequestCacheAwareFilter@4643652, org.springframework.security.web.servletapi.SecurityContextHolderAwareRequestFilter@4b2e5b5c, org.springframework.security.web.authentication.AnonymousAuthenticationFilter@3904999b, org.springframework.security.web.session.SessionManagementFilter@69f53a47, org.springframework.security.web.access.ExceptionTranslationFilter@12d910f3, org.springframework.security.web.access.intercept.FilterSecurityInterceptor@7648310a]
2025-05-14 13:17:19 [restartedMain] INFO  o.s.b.a.w.s.WelcomePageHandlerMapping - Adding welcome page template: index
2025-05-14 13:17:20 [restartedMain] INFO  o.s.b.d.a.OptionalLiveReloadServer - LiveReload server is running on port 35729
2025-05-14 13:17:20 [restartedMain] INFO  o.s.b.w.e.tomcat.TomcatWebServer - Tomcat started on port(s): 8080 (http) with context path ''
2025-05-14 13:17:20 [restartedMain] INFO  c.q.QiaoQiaoMatchThreeApplication - Started QiaoQiaoMatchThreeApplication in 3.278 seconds (JVM running for 3.926)
2025-05-14 13:17:54 [http-nio-8080-exec-1] INFO  o.a.c.c.C.[Tomcat].[localhost].[/] - Initializing Spring DispatcherServlet 'dispatcherServlet'
2025-05-14 13:17:54 [http-nio-8080-exec-1] INFO  o.s.web.servlet.DispatcherServlet - Initializing Servlet 'dispatcherServlet'
2025-05-14 13:17:54 [http-nio-8080-exec-1] INFO  o.s.web.servlet.DispatcherServlet - Completed initialization in 2 ms
2025-05-14 13:55:25 [SpringApplicationShutdownHook] INFO  o.s.o.j.LocalContainerEntityManagerFactoryBean - Closing JPA EntityManagerFactory for persistence unit 'default'
2025-05-14 13:55:25 [SpringApplicationShutdownHook] WARN  o.s.b.f.s.DisposableBeanAdapter - Invocation of destroy method failed on bean with name 'inMemoryDatabaseShutdownExecutor': org.h2.jdbc.JdbcSQLNonTransientConnectionException: Database is already closed (to disable automatic closing at VM shutdown, add ";DB_CLOSE_ON_EXIT=FALSE" to the db URL) [90121-212]
2025-05-14 13:55:25 [SpringApplicationShutdownHook] INFO  com.zaxxer.hikari.HikariDataSource - HikariPool-1 - Shutdown initiated...
2025-05-14 13:55:25 [SpringApplicationShutdownHook] INFO  com.zaxxer.hikari.HikariDataSource - HikariPool-1 - Shutdown completed.
2025-05-14 13:55:29 [restartedMain] INFO  c.q.QiaoQiaoMatchThreeApplication - Starting QiaoQiaoMatchThreeApplication using Java 17.0.14 on LAPTOP-6GRC774H with PID 14728 (D:\code\QiaoQiaoMatchThree\target\classes started by XHDN in D:\code\QiaoQiaoMatchThree)
2025-05-14 13:55:29 [restartedMain] DEBUG c.q.QiaoQiaoMatchThreeApplication - Running with Spring Boot v2.7.0, Spring v5.3.20
2025-05-14 13:55:29 [restartedMain] INFO  c.q.QiaoQiaoMatchThreeApplication - No active profile set, falling back to 1 default profile: "default"
2025-05-14 13:55:29 [restartedMain] INFO  o.s.b.d.e.DevToolsPropertyDefaultsPostProcessor - Devtools property defaults active! Set 'spring.devtools.add-properties' to 'false' to disable
2025-05-14 13:55:29 [restartedMain] INFO  o.s.b.d.e.DevToolsPropertyDefaultsPostProcessor - For additional web related logging consider setting the 'logging.level.web' property to 'DEBUG'
2025-05-14 13:55:30 [restartedMain] INFO  o.s.d.r.c.RepositoryConfigurationDelegate - Bootstrapping Spring Data JPA repositories in DEFAULT mode.
2025-05-14 13:55:30 [restartedMain] INFO  o.s.d.r.c.RepositoryConfigurationDelegate - Finished Spring Data repository scanning in 34 ms. Found 2 JPA repository interfaces.
2025-05-14 13:55:30 [restartedMain] INFO  o.s.b.w.e.tomcat.TomcatWebServer - Tomcat initialized with port(s): 8080 (http)
2025-05-14 13:55:30 [restartedMain] INFO  o.a.catalina.core.StandardService - Starting service [Tomcat]
2025-05-14 13:55:30 [restartedMain] INFO  o.a.catalina.core.StandardEngine - Starting Servlet engine: [Apache Tomcat/9.0.63]
2025-05-14 13:55:30 [restartedMain] INFO  o.a.c.c.C.[Tomcat].[localhost].[/] - Initializing Spring embedded WebApplicationContext
2025-05-14 13:55:30 [restartedMain] INFO  o.s.b.w.s.c.ServletWebServerApplicationContext - Root WebApplicationContext: initialization completed in 1032 ms
2025-05-14 13:55:30 [restartedMain] INFO  com.zaxxer.hikari.HikariDataSource - HikariPool-1 - Starting...
2025-05-14 13:55:31 [restartedMain] INFO  com.zaxxer.hikari.HikariDataSource - HikariPool-1 - Start completed.
2025-05-14 13:55:31 [restartedMain] INFO  o.s.b.a.h.H2ConsoleAutoConfiguration - H2 console available at '/h2-console'. Database available at 'jdbc:h2:mem:qiaoqiaodb'
2025-05-14 13:55:31 [restartedMain] INFO  o.h.jpa.internal.util.LogHelper - HHH000204: Processing PersistenceUnitInfo [name: default]
2025-05-14 13:55:31 [restartedMain] INFO  org.hibernate.Version - HHH000412: Hibernate ORM core version 5.6.9.Final
2025-05-14 13:55:31 [restartedMain] INFO  o.h.annotations.common.Version - HCANN000001: Hibernate Commons Annotations {5.1.2.Final}
2025-05-14 13:55:31 [restartedMain] INFO  org.hibernate.dialect.Dialect - HHH000400: Using dialect: org.hibernate.dialect.H2Dialect
2025-05-14 13:55:31 [restartedMain] INFO  o.h.e.t.j.p.i.JtaPlatformInitiator - HHH000490: Using JtaPlatform implementation: [org.hibernate.engine.transaction.jta.platform.internal.NoJtaPlatform]
2025-05-14 13:55:31 [restartedMain] INFO  o.s.o.j.LocalContainerEntityManagerFactoryBean - Initialized JPA EntityManagerFactory for persistence unit 'default'
2025-05-14 13:55:31 [restartedMain] WARN  o.s.b.a.o.j.JpaBaseConfiguration$JpaWebConfiguration - spring.jpa.open-in-view is enabled by default. Therefore, database queries may be performed during view rendering. Explicitly configure spring.jpa.open-in-view to disable this warning
2025-05-14 13:55:32 [restartedMain] WARN  o.s.b.a.s.s.UserDetailsServiceAutoConfiguration - 

Using generated security password: 16d9f78f-bfb8-40b1-9bd3-44782eca520b

This generated password is for development use only. Your security configuration must be updated before running your application in production.

2025-05-14 13:55:32 [restartedMain] INFO  o.s.s.web.DefaultSecurityFilterChain - Will secure any request with [org.springframework.security.web.session.DisableEncodeUrlFilter@575131d9, org.springframework.security.web.context.request.async.WebAsyncManagerIntegrationFilter@1cc7999b, org.springframework.security.web.context.SecurityContextPersistenceFilter@6ef6557, org.springframework.security.web.header.HeaderWriterFilter@7bfabf1e, org.springframework.security.web.authentication.logout.LogoutFilter@72a978bb, org.springframework.security.web.savedrequest.RequestCacheAwareFilter@1dc126bc, org.springframework.security.web.servletapi.SecurityContextHolderAwareRequestFilter@62dc5ae8, org.springframework.security.web.authentication.AnonymousAuthenticationFilter@44dd85f6, org.springframework.security.web.session.SessionManagementFilter@318a27b5, org.springframework.security.web.access.ExceptionTranslationFilter@a88fa7, org.springframework.security.web.access.intercept.FilterSecurityInterceptor@78c73470]
2025-05-14 13:55:32 [restartedMain] INFO  o.s.b.a.w.s.WelcomePageHandlerMapping - Adding welcome page template: index
2025-05-14 13:55:32 [restartedMain] INFO  o.s.b.d.a.OptionalLiveReloadServer - LiveReload server is running on port 35729
2025-05-14 13:55:32 [restartedMain] INFO  o.s.b.w.e.tomcat.TomcatWebServer - Tomcat started on port(s): 8080 (http) with context path ''
2025-05-14 13:55:32 [restartedMain] INFO  c.q.QiaoQiaoMatchThreeApplication - Started QiaoQiaoMatchThreeApplication in 3.2 seconds (JVM running for 3.787)
2025-05-14 13:55:39 [http-nio-8080-exec-1] INFO  o.a.c.c.C.[Tomcat].[localhost].[/] - Initializing Spring DispatcherServlet 'dispatcherServlet'
2025-05-14 13:55:39 [http-nio-8080-exec-1] INFO  o.s.web.servlet.DispatcherServlet - Initializing Servlet 'dispatcherServlet'
2025-05-14 13:55:39 [http-nio-8080-exec-1] INFO  o.s.web.servlet.DispatcherServlet - Completed initialization in 0 ms
2025-05-14 14:56:17 [SpringApplicationShutdownHook] INFO  o.s.o.j.LocalContainerEntityManagerFactoryBean - Closing JPA EntityManagerFactory for persistence unit 'default'
2025-05-14 14:56:17 [SpringApplicationShutdownHook] WARN  o.s.b.f.s.DisposableBeanAdapter - Invocation of destroy method failed on bean with name 'inMemoryDatabaseShutdownExecutor': org.h2.jdbc.JdbcSQLNonTransientConnectionException: Database is already closed (to disable automatic closing at VM shutdown, add ";DB_CLOSE_ON_EXIT=FALSE" to the db URL) [90121-212]
2025-05-14 14:56:17 [SpringApplicationShutdownHook] INFO  com.zaxxer.hikari.HikariDataSource - HikariPool-1 - Shutdown initiated...
2025-05-14 14:56:17 [SpringApplicationShutdownHook] INFO  com.zaxxer.hikari.HikariDataSource - HikariPool-1 - Shutdown completed.
2025-05-14 14:56:21 [restartedMain] INFO  c.q.QiaoQiaoMatchThreeApplication - Starting QiaoQiaoMatchThreeApplication using Java 17.0.14 on LAPTOP-6GRC774H with PID 20160 (D:\code\QiaoQiaoMatchThree\target\classes started by XHDN in D:\code\QiaoQiaoMatchThree)
2025-05-14 14:56:21 [restartedMain] DEBUG c.q.QiaoQiaoMatchThreeApplication - Running with Spring Boot v2.7.0, Spring v5.3.20
2025-05-14 14:56:21 [restartedMain] INFO  c.q.QiaoQiaoMatchThreeApplication - No active profile set, falling back to 1 default profile: "default"
2025-05-14 14:56:21 [restartedMain] INFO  o.s.b.d.e.DevToolsPropertyDefaultsPostProcessor - Devtools property defaults active! Set 'spring.devtools.add-properties' to 'false' to disable
2025-05-14 14:56:21 [restartedMain] INFO  o.s.b.d.e.DevToolsPropertyDefaultsPostProcessor - For additional web related logging consider setting the 'logging.level.web' property to 'DEBUG'
2025-05-14 14:56:21 [restartedMain] INFO  o.s.d.r.c.RepositoryConfigurationDelegate - Bootstrapping Spring Data JPA repositories in DEFAULT mode.
2025-05-14 14:56:21 [restartedMain] INFO  o.s.d.r.c.RepositoryConfigurationDelegate - Finished Spring Data repository scanning in 32 ms. Found 2 JPA repository interfaces.
2025-05-14 14:56:22 [restartedMain] INFO  o.s.b.w.e.tomcat.TomcatWebServer - Tomcat initialized with port(s): 8080 (http)
2025-05-14 14:56:22 [restartedMain] INFO  o.a.catalina.core.StandardService - Starting service [Tomcat]
2025-05-14 14:56:22 [restartedMain] INFO  o.a.catalina.core.StandardEngine - Starting Servlet engine: [Apache Tomcat/9.0.63]
2025-05-14 14:56:22 [restartedMain] INFO  o.a.c.c.C.[Tomcat].[localhost].[/] - Initializing Spring embedded WebApplicationContext
2025-05-14 14:56:22 [restartedMain] INFO  o.s.b.w.s.c.ServletWebServerApplicationContext - Root WebApplicationContext: initialization completed in 1026 ms
2025-05-14 14:56:22 [restartedMain] INFO  com.zaxxer.hikari.HikariDataSource - HikariPool-1 - Starting...
2025-05-14 14:56:22 [restartedMain] INFO  com.zaxxer.hikari.HikariDataSource - HikariPool-1 - Start completed.
2025-05-14 14:56:22 [restartedMain] INFO  o.s.b.a.h.H2ConsoleAutoConfiguration - H2 console available at '/h2-console'. Database available at 'jdbc:h2:mem:qiaoqiaodb'
2025-05-14 14:56:22 [restartedMain] INFO  o.h.jpa.internal.util.LogHelper - HHH000204: Processing PersistenceUnitInfo [name: default]
2025-05-14 14:56:22 [restartedMain] INFO  org.hibernate.Version - HHH000412: Hibernate ORM core version 5.6.9.Final
2025-05-14 14:56:22 [restartedMain] INFO  o.h.annotations.common.Version - HCANN000001: Hibernate Commons Annotations {5.1.2.Final}
2025-05-14 14:56:22 [restartedMain] INFO  org.hibernate.dialect.Dialect - HHH000400: Using dialect: org.hibernate.dialect.H2Dialect
2025-05-14 14:56:23 [restartedMain] INFO  o.h.e.t.j.p.i.JtaPlatformInitiator - HHH000490: Using JtaPlatform implementation: [org.hibernate.engine.transaction.jta.platform.internal.NoJtaPlatform]
2025-05-14 14:56:23 [restartedMain] INFO  o.s.o.j.LocalContainerEntityManagerFactoryBean - Initialized JPA EntityManagerFactory for persistence unit 'default'
2025-05-14 14:56:23 [restartedMain] WARN  o.s.b.a.o.j.JpaBaseConfiguration$JpaWebConfiguration - spring.jpa.open-in-view is enabled by default. Therefore, database queries may be performed during view rendering. Explicitly configure spring.jpa.open-in-view to disable this warning
2025-05-14 14:56:23 [restartedMain] WARN  o.s.b.a.s.s.UserDetailsServiceAutoConfiguration - 

Using generated security password: 0adea5be-5968-4239-a159-bb3332b83558

This generated password is for development use only. Your security configuration must be updated before running your application in production.

2025-05-14 14:56:23 [restartedMain] INFO  o.s.s.web.DefaultSecurityFilterChain - Will secure any request with [org.springframework.security.web.session.DisableEncodeUrlFilter@c09d7dc, org.springframework.security.web.context.request.async.WebAsyncManagerIntegrationFilter@30551980, org.springframework.security.web.context.SecurityContextPersistenceFilter@354f9515, org.springframework.security.web.header.HeaderWriterFilter@1867348a, org.springframework.security.web.authentication.logout.LogoutFilter@26f3ec77, org.springframework.security.web.savedrequest.RequestCacheAwareFilter@48bd16ed, org.springframework.security.web.servletapi.SecurityContextHolderAwareRequestFilter@1db8040b, org.springframework.security.web.authentication.AnonymousAuthenticationFilter@df37b78, org.springframework.security.web.session.SessionManagementFilter@7fb4112a, org.springframework.security.web.access.ExceptionTranslationFilter@4433fb2b, org.springframework.security.web.access.intercept.FilterSecurityInterceptor@2f0ff672]
2025-05-14 14:56:23 [restartedMain] INFO  o.s.b.a.w.s.WelcomePageHandlerMapping - Adding welcome page template: index
2025-05-14 14:56:23 [restartedMain] INFO  o.s.b.d.a.OptionalLiveReloadServer - LiveReload server is running on port 35729
2025-05-14 14:56:23 [restartedMain] INFO  o.s.b.w.e.tomcat.TomcatWebServer - Tomcat started on port(s): 8080 (http) with context path ''
2025-05-14 14:56:23 [restartedMain] INFO  c.q.QiaoQiaoMatchThreeApplication - Started QiaoQiaoMatchThreeApplication in 3.136 seconds (JVM running for 3.693)
2025-05-14 14:56:31 [http-nio-8080-exec-1] INFO  o.a.c.c.C.[Tomcat].[localhost].[/] - Initializing Spring DispatcherServlet 'dispatcherServlet'
2025-05-14 14:56:31 [http-nio-8080-exec-1] INFO  o.s.web.servlet.DispatcherServlet - Initializing Servlet 'dispatcherServlet'
2025-05-14 14:56:31 [http-nio-8080-exec-1] INFO  o.s.web.servlet.DispatcherServlet - Completed initialization in 1 ms
2025-05-14 15:31:09 [SpringApplicationShutdownHook] INFO  o.s.o.j.LocalContainerEntityManagerFactoryBean - Closing JPA EntityManagerFactory for persistence unit 'default'
2025-05-14 15:31:09 [SpringApplicationShutdownHook] WARN  o.s.b.f.s.DisposableBeanAdapter - Invocation of destroy method failed on bean with name 'inMemoryDatabaseShutdownExecutor': org.h2.jdbc.JdbcSQLNonTransientConnectionException: Database is already closed (to disable automatic closing at VM shutdown, add ";DB_CLOSE_ON_EXIT=FALSE" to the db URL) [90121-212]
2025-05-14 15:31:09 [SpringApplicationShutdownHook] INFO  com.zaxxer.hikari.HikariDataSource - HikariPool-1 - Shutdown initiated...
2025-05-14 15:31:09 [SpringApplicationShutdownHook] INFO  com.zaxxer.hikari.HikariDataSource - HikariPool-1 - Shutdown completed.
2025-05-14 15:31:12 [restartedMain] INFO  c.q.QiaoQiaoMatchThreeApplication - Starting QiaoQiaoMatchThreeApplication using Java 17.0.14 on LAPTOP-6GRC774H with PID 32948 (D:\code\QiaoQiaoMatchThree\target\classes started by XHDN in D:\code\QiaoQiaoMatchThree)
2025-05-14 15:31:12 [restartedMain] DEBUG c.q.QiaoQiaoMatchThreeApplication - Running with Spring Boot v2.7.0, Spring v5.3.20
2025-05-14 15:31:12 [restartedMain] INFO  c.q.QiaoQiaoMatchThreeApplication - No active profile set, falling back to 1 default profile: "default"
2025-05-14 15:31:12 [restartedMain] INFO  o.s.b.d.e.DevToolsPropertyDefaultsPostProcessor - Devtools property defaults active! Set 'spring.devtools.add-properties' to 'false' to disable
2025-05-14 15:31:12 [restartedMain] INFO  o.s.b.d.e.DevToolsPropertyDefaultsPostProcessor - For additional web related logging consider setting the 'logging.level.web' property to 'DEBUG'
2025-05-14 15:31:13 [restartedMain] INFO  o.s.d.r.c.RepositoryConfigurationDelegate - Bootstrapping Spring Data JPA repositories in DEFAULT mode.
2025-05-14 15:31:13 [restartedMain] INFO  o.s.d.r.c.RepositoryConfigurationDelegate - Finished Spring Data repository scanning in 37 ms. Found 2 JPA repository interfaces.
2025-05-14 15:31:13 [restartedMain] INFO  o.s.b.w.e.tomcat.TomcatWebServer - Tomcat initialized with port(s): 8080 (http)
2025-05-14 15:31:13 [restartedMain] INFO  o.a.catalina.core.StandardService - Starting service [Tomcat]
2025-05-14 15:31:13 [restartedMain] INFO  o.a.catalina.core.StandardEngine - Starting Servlet engine: [Apache Tomcat/9.0.63]
2025-05-14 15:31:13 [restartedMain] INFO  o.a.c.c.C.[Tomcat].[localhost].[/] - Initializing Spring embedded WebApplicationContext
2025-05-14 15:31:13 [restartedMain] INFO  o.s.b.w.s.c.ServletWebServerApplicationContext - Root WebApplicationContext: initialization completed in 1046 ms
2025-05-14 15:31:13 [restartedMain] INFO  com.zaxxer.hikari.HikariDataSource - HikariPool-1 - Starting...
2025-05-14 15:31:13 [restartedMain] INFO  com.zaxxer.hikari.HikariDataSource - HikariPool-1 - Start completed.
2025-05-14 15:31:13 [restartedMain] INFO  o.s.b.a.h.H2ConsoleAutoConfiguration - H2 console available at '/h2-console'. Database available at 'jdbc:h2:mem:qiaoqiaodb'
2025-05-14 15:31:14 [restartedMain] INFO  o.h.jpa.internal.util.LogHelper - HHH000204: Processing PersistenceUnitInfo [name: default]
2025-05-14 15:31:14 [restartedMain] INFO  org.hibernate.Version - HHH000412: Hibernate ORM core version 5.6.9.Final
2025-05-14 15:31:14 [restartedMain] INFO  o.h.annotations.common.Version - HCANN000001: Hibernate Commons Annotations {5.1.2.Final}
2025-05-14 15:31:14 [restartedMain] INFO  org.hibernate.dialect.Dialect - HHH000400: Using dialect: org.hibernate.dialect.H2Dialect
2025-05-14 15:31:14 [restartedMain] INFO  o.h.e.t.j.p.i.JtaPlatformInitiator - HHH000490: Using JtaPlatform implementation: [org.hibernate.engine.transaction.jta.platform.internal.NoJtaPlatform]
2025-05-14 15:31:14 [restartedMain] INFO  o.s.o.j.LocalContainerEntityManagerFactoryBean - Initialized JPA EntityManagerFactory for persistence unit 'default'
2025-05-14 15:31:14 [restartedMain] WARN  o.s.b.a.o.j.JpaBaseConfiguration$JpaWebConfiguration - spring.jpa.open-in-view is enabled by default. Therefore, database queries may be performed during view rendering. Explicitly configure spring.jpa.open-in-view to disable this warning
2025-05-14 15:31:15 [restartedMain] WARN  o.s.b.a.s.s.UserDetailsServiceAutoConfiguration - 

Using generated security password: 69e6ae7c-0c45-45f5-ad0a-79731008acf9

This generated password is for development use only. Your security configuration must be updated before running your application in production.

2025-05-14 15:31:15 [restartedMain] INFO  o.s.s.web.DefaultSecurityFilterChain - Will secure any request with [org.springframework.security.web.session.DisableEncodeUrlFilter@4c1d3942, org.springframework.security.web.context.request.async.WebAsyncManagerIntegrationFilter@71b8c9d9, org.springframework.security.web.context.SecurityContextPersistenceFilter@328c99fd, org.springframework.security.web.header.HeaderWriterFilter@6a2defd7, org.springframework.security.web.authentication.logout.LogoutFilter@6e8781e9, org.springframework.security.web.savedrequest.RequestCacheAwareFilter@d926431, org.springframework.security.web.servletapi.SecurityContextHolderAwareRequestFilter@51bdc4b4, org.springframework.security.web.authentication.AnonymousAuthenticationFilter@2201540f, org.springframework.security.web.session.SessionManagementFilter@5e5e38a7, org.springframework.security.web.access.ExceptionTranslationFilter@3ba5ba1f, org.springframework.security.web.access.intercept.FilterSecurityInterceptor@459f2fe2]
2025-05-14 15:31:15 [restartedMain] INFO  o.s.b.a.w.s.WelcomePageHandlerMapping - Adding welcome page template: index
2025-05-14 15:31:15 [restartedMain] INFO  o.s.b.d.a.OptionalLiveReloadServer - LiveReload server is running on port 35729
2025-05-14 15:31:15 [restartedMain] INFO  o.s.b.w.e.tomcat.TomcatWebServer - Tomcat started on port(s): 8080 (http) with context path ''
2025-05-14 15:31:15 [restartedMain] INFO  c.q.QiaoQiaoMatchThreeApplication - Started QiaoQiaoMatchThreeApplication in 3.306 seconds (JVM running for 4.055)
2025-05-14 15:31:30 [http-nio-8080-exec-1] INFO  o.a.c.c.C.[Tomcat].[localhost].[/] - Initializing Spring DispatcherServlet 'dispatcherServlet'
2025-05-14 15:31:30 [http-nio-8080-exec-1] INFO  o.s.web.servlet.DispatcherServlet - Initializing Servlet 'dispatcherServlet'
2025-05-14 15:31:30 [http-nio-8080-exec-1] INFO  o.s.web.servlet.DispatcherServlet - Completed initialization in 1 ms
2025-05-14 15:50:01 [SpringApplicationShutdownHook] INFO  o.s.o.j.LocalContainerEntityManagerFactoryBean - Closing JPA EntityManagerFactory for persistence unit 'default'
2025-05-14 15:50:01 [HikariPool-1 connection adder] ERROR com.zaxxer.hikari.pool.HikariPool - HikariPool-1 - Error thrown while acquiring connection from data source
org.h2.jdbc.JdbcSQLNonTransientConnectionException: The database is open in exclusive mode; can not open additional connections [90135-212]
	at org.h2.message.DbException.getJdbcSQLException(DbException.java:678)
	at org.h2.message.DbException.getJdbcSQLException(DbException.java:477)
	at org.h2.message.DbException.get(DbException.java:223)
	at org.h2.message.DbException.get(DbException.java:199)
	at org.h2.message.DbException.get(DbException.java:188)
	at org.h2.engine.SessionLocal.checkSuspended(SessionLocal.java:1240)
	at org.h2.engine.SessionLocal.transitionToState(SessionLocal.java:1232)
	at org.h2.engine.SessionLocal.setCurrentCommand(SessionLocal.java:1210)
	at org.h2.engine.SessionLocal.endStatement(SessionLocal.java:1693)
	at org.h2.command.Command.executeQuery(Command.java:227)
	at org.h2.jdbc.JdbcConnection.isReadOnly(JdbcConnection.java:538)
	at com.zaxxer.hikari.pool.PoolBase.setupConnection(PoolBase.java:408)
	at com.zaxxer.hikari.pool.PoolBase.newConnection(PoolBase.java:369)
	at com.zaxxer.hikari.pool.PoolBase.newPoolEntry(PoolBase.java:206)
	at com.zaxxer.hikari.pool.HikariPool.createPoolEntry(HikariPool.java:476)
	at com.zaxxer.hikari.pool.HikariPool.access$100(HikariPool.java:71)
	at com.zaxxer.hikari.pool.HikariPool$PoolEntryCreator.call(HikariPool.java:726)
	at com.zaxxer.hikari.pool.HikariPool$PoolEntryCreator.call(HikariPool.java:712)
	at java.base/java.util.concurrent.FutureTask.run(FutureTask.java:264)
	at java.base/java.util.concurrent.ThreadPoolExecutor.runWorker(ThreadPoolExecutor.java:1136)
	at java.base/java.util.concurrent.ThreadPoolExecutor$Worker.run(ThreadPoolExecutor.java:635)
	at java.base/java.lang.Thread.run(Thread.java:842)
2025-05-14 15:50:01 [SpringApplicationShutdownHook] WARN  o.s.b.f.s.DisposableBeanAdapter - Invocation of destroy method failed on bean with name 'inMemoryDatabaseShutdownExecutor': org.h2.jdbc.JdbcSQLNonTransientConnectionException: Database is already closed (to disable automatic closing at VM shutdown, add ";DB_CLOSE_ON_EXIT=FALSE" to the db URL) [90121-212]
2025-05-14 15:50:01 [SpringApplicationShutdownHook] INFO  com.zaxxer.hikari.HikariDataSource - HikariPool-1 - Shutdown initiated...
2025-05-14 15:50:01 [SpringApplicationShutdownHook] INFO  com.zaxxer.hikari.HikariDataSource - HikariPool-1 - Shutdown completed.
2025-05-14 15:50:03 [restartedMain] INFO  c.q.QiaoQiaoMatchThreeApplication - Starting QiaoQiaoMatchThreeApplication using Java 17.0.14 on LAPTOP-6GRC774H with PID 45016 (D:\code\QiaoQiaoMatchThree\target\classes started by XHDN in D:\code\QiaoQiaoMatchThree)
2025-05-14 15:50:03 [restartedMain] DEBUG c.q.QiaoQiaoMatchThreeApplication - Running with Spring Boot v2.7.0, Spring v5.3.20
2025-05-14 15:50:03 [restartedMain] INFO  c.q.QiaoQiaoMatchThreeApplication - No active profile set, falling back to 1 default profile: "default"
2025-05-14 15:50:03 [restartedMain] INFO  o.s.b.d.e.DevToolsPropertyDefaultsPostProcessor - Devtools property defaults active! Set 'spring.devtools.add-properties' to 'false' to disable
2025-05-14 15:50:03 [restartedMain] INFO  o.s.b.d.e.DevToolsPropertyDefaultsPostProcessor - For additional web related logging consider setting the 'logging.level.web' property to 'DEBUG'
2025-05-14 15:50:04 [restartedMain] INFO  o.s.d.r.c.RepositoryConfigurationDelegate - Bootstrapping Spring Data JPA repositories in DEFAULT mode.
2025-05-14 15:50:04 [restartedMain] INFO  o.s.d.r.c.RepositoryConfigurationDelegate - Finished Spring Data repository scanning in 34 ms. Found 2 JPA repository interfaces.
2025-05-14 15:50:04 [restartedMain] INFO  o.s.b.w.e.tomcat.TomcatWebServer - Tomcat initialized with port(s): 8080 (http)
2025-05-14 15:50:04 [restartedMain] INFO  o.a.catalina.core.StandardService - Starting service [Tomcat]
2025-05-14 15:50:04 [restartedMain] INFO  o.a.catalina.core.StandardEngine - Starting Servlet engine: [Apache Tomcat/9.0.63]
2025-05-14 15:50:04 [restartedMain] INFO  o.a.c.c.C.[Tomcat].[localhost].[/] - Initializing Spring embedded WebApplicationContext
2025-05-14 15:50:04 [restartedMain] INFO  o.s.b.w.s.c.ServletWebServerApplicationContext - Root WebApplicationContext: initialization completed in 1006 ms
2025-05-14 15:50:04 [restartedMain] INFO  com.zaxxer.hikari.HikariDataSource - HikariPool-1 - Starting...
2025-05-14 15:50:05 [restartedMain] INFO  com.zaxxer.hikari.HikariDataSource - HikariPool-1 - Start completed.
2025-05-14 15:50:05 [restartedMain] INFO  o.s.b.a.h.H2ConsoleAutoConfiguration - H2 console available at '/h2-console'. Database available at 'jdbc:h2:mem:qiaoqiaodb'
2025-05-14 15:50:05 [restartedMain] INFO  o.h.jpa.internal.util.LogHelper - HHH000204: Processing PersistenceUnitInfo [name: default]
2025-05-14 15:50:05 [restartedMain] INFO  org.hibernate.Version - HHH000412: Hibernate ORM core version 5.6.9.Final
2025-05-14 15:50:05 [restartedMain] INFO  o.h.annotations.common.Version - HCANN000001: Hibernate Commons Annotations {5.1.2.Final}
2025-05-14 15:50:05 [restartedMain] INFO  org.hibernate.dialect.Dialect - HHH000400: Using dialect: org.hibernate.dialect.H2Dialect
2025-05-14 15:50:05 [restartedMain] INFO  o.h.e.t.j.p.i.JtaPlatformInitiator - HHH000490: Using JtaPlatform implementation: [org.hibernate.engine.transaction.jta.platform.internal.NoJtaPlatform]
2025-05-14 15:50:05 [restartedMain] INFO  o.s.o.j.LocalContainerEntityManagerFactoryBean - Initialized JPA EntityManagerFactory for persistence unit 'default'
2025-05-14 15:50:05 [restartedMain] WARN  o.s.b.a.o.j.JpaBaseConfiguration$JpaWebConfiguration - spring.jpa.open-in-view is enabled by default. Therefore, database queries may be performed during view rendering. Explicitly configure spring.jpa.open-in-view to disable this warning
2025-05-14 15:50:06 [restartedMain] WARN  o.s.b.a.s.s.UserDetailsServiceAutoConfiguration - 

Using generated security password: a59be3a5-3f72-4dfa-9439-fcc57b94bbdd

This generated password is for development use only. Your security configuration must be updated before running your application in production.

2025-05-14 15:50:06 [restartedMain] INFO  o.s.s.web.DefaultSecurityFilterChain - Will secure any request with [org.springframework.security.web.session.DisableEncodeUrlFilter@2f7a8378, org.springframework.security.web.context.request.async.WebAsyncManagerIntegrationFilter@1133393d, org.springframework.security.web.context.SecurityContextPersistenceFilter@62dc5ae8, org.springframework.security.web.header.HeaderWriterFilter@1dc126bc, org.springframework.security.web.authentication.logout.LogoutFilter@6fe8083a, org.springframework.security.web.savedrequest.RequestCacheAwareFilter@4e15ca03, org.springframework.security.web.servletapi.SecurityContextHolderAwareRequestFilter@16d42502, org.springframework.security.web.authentication.AnonymousAuthenticationFilter@286a8e66, org.springframework.security.web.session.SessionManagementFilter@578de3ca, org.springframework.security.web.access.ExceptionTranslationFilter@6ef6557, org.springframework.security.web.access.intercept.FilterSecurityInterceptor@575131d9]
2025-05-14 15:50:06 [restartedMain] INFO  o.s.b.a.w.s.WelcomePageHandlerMapping - Adding welcome page template: index
2025-05-14 15:50:06 [restartedMain] INFO  o.s.b.d.a.OptionalLiveReloadServer - LiveReload server is running on port 35729
2025-05-14 15:50:06 [restartedMain] INFO  o.s.b.w.e.tomcat.TomcatWebServer - Tomcat started on port(s): 8080 (http) with context path ''
2025-05-14 15:50:06 [restartedMain] INFO  c.q.QiaoQiaoMatchThreeApplication - Started QiaoQiaoMatchThreeApplication in 3.082 seconds (JVM running for 3.719)
2025-05-14 15:50:15 [http-nio-8080-exec-1] INFO  o.a.c.c.C.[Tomcat].[localhost].[/] - Initializing Spring DispatcherServlet 'dispatcherServlet'
2025-05-14 15:50:15 [http-nio-8080-exec-1] INFO  o.s.web.servlet.DispatcherServlet - Initializing Servlet 'dispatcherServlet'
2025-05-14 15:50:15 [http-nio-8080-exec-1] INFO  o.s.web.servlet.DispatcherServlet - Completed initialization in 1 ms
2025-05-14 15:53:33 [SpringApplicationShutdownHook] INFO  o.s.o.j.LocalContainerEntityManagerFactoryBean - Closing JPA EntityManagerFactory for persistence unit 'default'
2025-05-14 15:53:33 [SpringApplicationShutdownHook] WARN  o.s.b.f.s.DisposableBeanAdapter - Invocation of destroy method failed on bean with name 'inMemoryDatabaseShutdownExecutor': org.h2.jdbc.JdbcSQLNonTransientConnectionException: Database is already closed (to disable automatic closing at VM shutdown, add ";DB_CLOSE_ON_EXIT=FALSE" to the db URL) [90121-212]
2025-05-14 15:53:33 [SpringApplicationShutdownHook] INFO  com.zaxxer.hikari.HikariDataSource - HikariPool-1 - Shutdown initiated...
2025-05-14 15:53:33 [SpringApplicationShutdownHook] INFO  com.zaxxer.hikari.HikariDataSource - HikariPool-1 - Shutdown completed.
2025-05-14 15:53:35 [restartedMain] INFO  c.q.QiaoQiaoMatchThreeApplication - Starting QiaoQiaoMatchThreeApplication using Java 17.0.14 on LAPTOP-6GRC774H with PID 17548 (D:\code\QiaoQiaoMatchThree\target\classes started by XHDN in D:\code\QiaoQiaoMatchThree)
2025-05-14 15:53:35 [restartedMain] DEBUG c.q.QiaoQiaoMatchThreeApplication - Running with Spring Boot v2.7.0, Spring v5.3.20
2025-05-14 15:53:35 [restartedMain] INFO  c.q.QiaoQiaoMatchThreeApplication - No active profile set, falling back to 1 default profile: "default"
2025-05-14 15:53:35 [restartedMain] INFO  o.s.b.d.e.DevToolsPropertyDefaultsPostProcessor - Devtools property defaults active! Set 'spring.devtools.add-properties' to 'false' to disable
2025-05-14 15:53:35 [restartedMain] INFO  o.s.b.d.e.DevToolsPropertyDefaultsPostProcessor - For additional web related logging consider setting the 'logging.level.web' property to 'DEBUG'
2025-05-14 15:53:36 [restartedMain] INFO  o.s.d.r.c.RepositoryConfigurationDelegate - Bootstrapping Spring Data JPA repositories in DEFAULT mode.
2025-05-14 15:53:36 [restartedMain] INFO  o.s.d.r.c.RepositoryConfigurationDelegate - Finished Spring Data repository scanning in 34 ms. Found 2 JPA repository interfaces.
2025-05-14 15:53:36 [restartedMain] INFO  o.s.b.w.e.tomcat.TomcatWebServer - Tomcat initialized with port(s): 8080 (http)
2025-05-14 15:53:36 [restartedMain] INFO  o.a.catalina.core.StandardService - Starting service [Tomcat]
2025-05-14 15:53:36 [restartedMain] INFO  o.a.catalina.core.StandardEngine - Starting Servlet engine: [Apache Tomcat/9.0.63]
2025-05-14 15:53:36 [restartedMain] INFO  o.a.c.c.C.[Tomcat].[localhost].[/] - Initializing Spring embedded WebApplicationContext
2025-05-14 15:53:36 [restartedMain] INFO  o.s.b.w.s.c.ServletWebServerApplicationContext - Root WebApplicationContext: initialization completed in 987 ms
2025-05-14 15:53:36 [restartedMain] INFO  com.zaxxer.hikari.HikariDataSource - HikariPool-1 - Starting...
2025-05-14 15:53:37 [restartedMain] INFO  com.zaxxer.hikari.HikariDataSource - HikariPool-1 - Start completed.
2025-05-14 15:53:37 [restartedMain] INFO  o.s.b.a.h.H2ConsoleAutoConfiguration - H2 console available at '/h2-console'. Database available at 'jdbc:h2:mem:qiaoqiaodb'
2025-05-14 15:53:37 [restartedMain] INFO  o.h.jpa.internal.util.LogHelper - HHH000204: Processing PersistenceUnitInfo [name: default]
2025-05-14 15:53:37 [restartedMain] INFO  org.hibernate.Version - HHH000412: Hibernate ORM core version 5.6.9.Final
2025-05-14 15:53:37 [restartedMain] INFO  o.h.annotations.common.Version - HCANN000001: Hibernate Commons Annotations {5.1.2.Final}
2025-05-14 15:53:37 [restartedMain] INFO  org.hibernate.dialect.Dialect - HHH000400: Using dialect: org.hibernate.dialect.H2Dialect
2025-05-14 15:53:37 [restartedMain] INFO  o.h.e.t.j.p.i.JtaPlatformInitiator - HHH000490: Using JtaPlatform implementation: [org.hibernate.engine.transaction.jta.platform.internal.NoJtaPlatform]
2025-05-14 15:53:37 [restartedMain] INFO  o.s.o.j.LocalContainerEntityManagerFactoryBean - Initialized JPA EntityManagerFactory for persistence unit 'default'
2025-05-14 15:53:37 [restartedMain] WARN  o.s.b.a.o.j.JpaBaseConfiguration$JpaWebConfiguration - spring.jpa.open-in-view is enabled by default. Therefore, database queries may be performed during view rendering. Explicitly configure spring.jpa.open-in-view to disable this warning
2025-05-14 15:53:38 [restartedMain] WARN  o.s.b.a.s.s.UserDetailsServiceAutoConfiguration - 

Using generated security password: 8b7943a5-98ca-4618-b501-bfaac399ace4

This generated password is for development use only. Your security configuration must be updated before running your application in production.

2025-05-14 15:53:38 [restartedMain] INFO  o.s.s.web.DefaultSecurityFilterChain - Will secure any request with [org.springframework.security.web.session.DisableEncodeUrlFilter@295596ae, org.springframework.security.web.context.request.async.WebAsyncManagerIntegrationFilter@3f6a04ab, org.springframework.security.web.context.SecurityContextPersistenceFilter@16ff2c31, org.springframework.security.web.header.HeaderWriterFilter@4fe2e047, org.springframework.security.web.authentication.logout.LogoutFilter@73ef4862, org.springframework.security.web.savedrequest.RequestCacheAwareFilter@5a86c7b8, org.springframework.security.web.servletapi.SecurityContextHolderAwareRequestFilter@2fb4f3d0, org.springframework.security.web.authentication.AnonymousAuthenticationFilter@78a0d0a2, org.springframework.security.web.session.SessionManagementFilter@2ec98648, org.springframework.security.web.access.ExceptionTranslationFilter@5a7766ca, org.springframework.security.web.access.intercept.FilterSecurityInterceptor@6f39704e]
2025-05-14 15:53:38 [restartedMain] INFO  o.s.b.a.w.s.WelcomePageHandlerMapping - Adding welcome page template: index
2025-05-14 15:53:38 [restartedMain] INFO  o.s.b.d.a.OptionalLiveReloadServer - LiveReload server is running on port 35729
2025-05-14 15:53:38 [restartedMain] INFO  o.s.b.w.e.tomcat.TomcatWebServer - Tomcat started on port(s): 8080 (http) with context path ''
2025-05-14 15:53:38 [restartedMain] INFO  c.q.QiaoQiaoMatchThreeApplication - Started QiaoQiaoMatchThreeApplication in 3.111 seconds (JVM running for 3.818)
2025-05-14 15:53:42 [http-nio-8080-exec-1] INFO  o.a.c.c.C.[Tomcat].[localhost].[/] - Initializing Spring DispatcherServlet 'dispatcherServlet'
2025-05-14 15:53:42 [http-nio-8080-exec-1] INFO  o.s.web.servlet.DispatcherServlet - Initializing Servlet 'dispatcherServlet'
2025-05-14 15:53:42 [http-nio-8080-exec-1] INFO  o.s.web.servlet.DispatcherServlet - Completed initialization in 1 ms
2025-05-14 16:13:21 [SpringApplicationShutdownHook] INFO  o.s.o.j.LocalContainerEntityManagerFactoryBean - Closing JPA EntityManagerFactory for persistence unit 'default'
2025-05-14 16:13:21 [HikariPool-1 connection adder] ERROR com.zaxxer.hikari.pool.HikariPool - HikariPool-1 - Error thrown while acquiring connection from data source
org.h2.jdbc.JdbcSQLNonTransientConnectionException: The database is open in exclusive mode; can not open additional connections [90135-212]
	at org.h2.message.DbException.getJdbcSQLException(DbException.java:678)
	at org.h2.message.DbException.getJdbcSQLException(DbException.java:477)
	at org.h2.message.DbException.get(DbException.java:223)
	at org.h2.message.DbException.get(DbException.java:199)
	at org.h2.message.DbException.get(DbException.java:188)
	at org.h2.engine.SessionLocal.checkSuspended(SessionLocal.java:1240)
	at org.h2.engine.SessionLocal.isOpen(SessionLocal.java:1173)
	at org.h2.engine.SessionLocal.waitIfExclusiveModeEnabled(SessionLocal.java:1486)
	at org.h2.command.Command.executeQuery(Command.java:180)
	at org.h2.jdbc.JdbcConnection.isReadOnly(JdbcConnection.java:538)
	at com.zaxxer.hikari.pool.PoolBase.setupConnection(PoolBase.java:408)
	at com.zaxxer.hikari.pool.PoolBase.newConnection(PoolBase.java:369)
	at com.zaxxer.hikari.pool.PoolBase.newPoolEntry(PoolBase.java:206)
	at com.zaxxer.hikari.pool.HikariPool.createPoolEntry(HikariPool.java:476)
	at com.zaxxer.hikari.pool.HikariPool.access$100(HikariPool.java:71)
	at com.zaxxer.hikari.pool.HikariPool$PoolEntryCreator.call(HikariPool.java:726)
	at com.zaxxer.hikari.pool.HikariPool$PoolEntryCreator.call(HikariPool.java:712)
	at java.base/java.util.concurrent.FutureTask.run(FutureTask.java:264)
	at java.base/java.util.concurrent.ThreadPoolExecutor.runWorker(ThreadPoolExecutor.java:1136)
	at java.base/java.util.concurrent.ThreadPoolExecutor$Worker.run(ThreadPoolExecutor.java:635)
	at java.base/java.lang.Thread.run(Thread.java:842)
2025-05-14 16:13:21 [SpringApplicationShutdownHook] WARN  o.s.b.f.s.DisposableBeanAdapter - Invocation of destroy method failed on bean with name 'inMemoryDatabaseShutdownExecutor': org.h2.jdbc.JdbcSQLNonTransientConnectionException: Database is already closed (to disable automatic closing at VM shutdown, add ";DB_CLOSE_ON_EXIT=FALSE" to the db URL) [90121-212]
2025-05-14 16:13:21 [SpringApplicationShutdownHook] INFO  com.zaxxer.hikari.HikariDataSource - HikariPool-1 - Shutdown initiated...
2025-05-14 16:13:21 [SpringApplicationShutdownHook] INFO  com.zaxxer.hikari.HikariDataSource - HikariPool-1 - Shutdown completed.
2025-05-14 16:18:21 [restartedMain] INFO  c.q.QiaoQiaoMatchThreeApplication - Starting QiaoQiaoMatchThreeApplication using Java 17.0.14 on LAPTOP-6GRC774H with PID 37536 (D:\code\QiaoQiaoMatchThree\target\classes started by XHDN in D:\code\QiaoQiaoMatchThree)
2025-05-14 16:18:21 [restartedMain] DEBUG c.q.QiaoQiaoMatchThreeApplication - Running with Spring Boot v2.7.0, Spring v5.3.20
2025-05-14 16:18:21 [restartedMain] INFO  c.q.QiaoQiaoMatchThreeApplication - No active profile set, falling back to 1 default profile: "default"
2025-05-14 16:18:21 [restartedMain] INFO  o.s.b.d.e.DevToolsPropertyDefaultsPostProcessor - Devtools property defaults active! Set 'spring.devtools.add-properties' to 'false' to disable
2025-05-14 16:18:21 [restartedMain] INFO  o.s.b.d.e.DevToolsPropertyDefaultsPostProcessor - For additional web related logging consider setting the 'logging.level.web' property to 'DEBUG'
2025-05-14 16:18:22 [restartedMain] INFO  o.s.d.r.c.RepositoryConfigurationDelegate - Bootstrapping Spring Data JPA repositories in DEFAULT mode.
2025-05-14 16:18:22 [restartedMain] INFO  o.s.d.r.c.RepositoryConfigurationDelegate - Finished Spring Data repository scanning in 32 ms. Found 2 JPA repository interfaces.
2025-05-14 16:18:22 [restartedMain] INFO  o.s.b.w.e.tomcat.TomcatWebServer - Tomcat initialized with port(s): 8080 (http)
2025-05-14 16:18:22 [restartedMain] INFO  o.a.catalina.core.StandardService - Starting service [Tomcat]
2025-05-14 16:18:22 [restartedMain] INFO  o.a.catalina.core.StandardEngine - Starting Servlet engine: [Apache Tomcat/9.0.63]
2025-05-14 16:18:22 [restartedMain] INFO  o.a.c.c.C.[Tomcat].[localhost].[/] - Initializing Spring embedded WebApplicationContext
2025-05-14 16:18:22 [restartedMain] INFO  o.s.b.w.s.c.ServletWebServerApplicationContext - Root WebApplicationContext: initialization completed in 1058 ms
2025-05-14 16:18:22 [restartedMain] INFO  com.zaxxer.hikari.HikariDataSource - HikariPool-1 - Starting...
2025-05-14 16:18:22 [restartedMain] INFO  com.zaxxer.hikari.HikariDataSource - HikariPool-1 - Start completed.
2025-05-14 16:18:23 [restartedMain] INFO  o.s.b.a.h.H2ConsoleAutoConfiguration - H2 console available at '/h2-console'. Database available at 'jdbc:h2:mem:qiaoqiaodb'
2025-05-14 16:18:23 [restartedMain] INFO  o.h.jpa.internal.util.LogHelper - HHH000204: Processing PersistenceUnitInfo [name: default]
2025-05-14 16:18:23 [restartedMain] INFO  org.hibernate.Version - HHH000412: Hibernate ORM core version 5.6.9.Final
2025-05-14 16:18:23 [restartedMain] INFO  o.h.annotations.common.Version - HCANN000001: Hibernate Commons Annotations {5.1.2.Final}
2025-05-14 16:18:23 [restartedMain] INFO  org.hibernate.dialect.Dialect - HHH000400: Using dialect: org.hibernate.dialect.H2Dialect
2025-05-14 16:18:23 [restartedMain] INFO  o.h.e.t.j.p.i.JtaPlatformInitiator - HHH000490: Using JtaPlatform implementation: [org.hibernate.engine.transaction.jta.platform.internal.NoJtaPlatform]
2025-05-14 16:18:23 [restartedMain] INFO  o.s.o.j.LocalContainerEntityManagerFactoryBean - Initialized JPA EntityManagerFactory for persistence unit 'default'
2025-05-14 16:18:23 [restartedMain] WARN  o.s.b.a.o.j.JpaBaseConfiguration$JpaWebConfiguration - spring.jpa.open-in-view is enabled by default. Therefore, database queries may be performed during view rendering. Explicitly configure spring.jpa.open-in-view to disable this warning
2025-05-14 16:18:24 [restartedMain] WARN  o.s.b.a.s.s.UserDetailsServiceAutoConfiguration - 

Using generated security password: f2cbf76f-344e-4786-92e8-d565389ebd5b

This generated password is for development use only. Your security configuration must be updated before running your application in production.

2025-05-14 16:18:24 [restartedMain] INFO  o.s.s.web.DefaultSecurityFilterChain - Will secure any request with [org.springframework.security.web.session.DisableEncodeUrlFilter@329349b0, org.springframework.security.web.context.request.async.WebAsyncManagerIntegrationFilter@4d8171de, org.springframework.security.web.context.SecurityContextPersistenceFilter@2c8c9dc6, org.springframework.security.web.header.HeaderWriterFilter@608ddffa, org.springframework.security.web.authentication.logout.LogoutFilter@75d77f4f, org.springframework.security.web.savedrequest.RequestCacheAwareFilter@600956cf, org.springframework.security.web.servletapi.SecurityContextHolderAwareRequestFilter@31a98c3c, org.springframework.security.web.authentication.AnonymousAuthenticationFilter@7ee9654b, org.springframework.security.web.session.SessionManagementFilter@726b4cd2, org.springframework.security.web.access.ExceptionTranslationFilter@bf06bc2, org.springframework.security.web.access.intercept.FilterSecurityInterceptor@650c5885]
2025-05-14 16:18:24 [restartedMain] INFO  o.s.b.a.w.s.WelcomePageHandlerMapping - Adding welcome page template: index
2025-05-14 16:18:24 [restartedMain] INFO  o.s.b.d.a.OptionalLiveReloadServer - LiveReload server is running on port 35729
2025-05-14 16:18:24 [restartedMain] INFO  o.s.b.w.e.tomcat.TomcatWebServer - Tomcat started on port(s): 8080 (http) with context path ''
2025-05-14 16:18:24 [restartedMain] INFO  c.q.QiaoQiaoMatchThreeApplication - Started QiaoQiaoMatchThreeApplication in 3.116 seconds (JVM running for 3.798)
2025-05-14 16:18:55 [http-nio-8080-exec-1] INFO  o.a.c.c.C.[Tomcat].[localhost].[/] - Initializing Spring DispatcherServlet 'dispatcherServlet'
2025-05-14 16:18:55 [http-nio-8080-exec-1] INFO  o.s.web.servlet.DispatcherServlet - Initializing Servlet 'dispatcherServlet'
2025-05-14 16:18:55 [http-nio-8080-exec-1] INFO  o.s.web.servlet.DispatcherServlet - Completed initialization in 1 ms
2025-05-14 16:21:14 [SpringApplicationShutdownHook] INFO  o.s.o.j.LocalContainerEntityManagerFactoryBean - Closing JPA EntityManagerFactory for persistence unit 'default'
2025-05-14 16:21:14 [HikariPool-1 connection adder] ERROR com.zaxxer.hikari.pool.HikariPool - HikariPool-1 - Error thrown while acquiring connection from data source
org.h2.jdbc.JdbcSQLNonTransientConnectionException: Database is already closed (to disable automatic closing at VM shutdown, add ";DB_CLOSE_ON_EXIT=FALSE" to the db URL) [90121-212]
	at org.h2.message.DbException.getJdbcSQLException(DbException.java:678)
	at org.h2.message.DbException.getJdbcSQLException(DbException.java:477)
	at org.h2.message.DbException.get(DbException.java:223)
	at org.h2.message.DbException.get(DbException.java:199)
	at org.h2.message.DbException.get(DbException.java:188)
	at org.h2.jdbc.JdbcConnection.checkClosed(JdbcConnection.java:1375)
	at org.h2.jdbc.JdbcConnection.getAutoCommit(JdbcConnection.java:423)
	at com.zaxxer.hikari.pool.PoolBase.setupConnection(PoolBase.java:412)
	at com.zaxxer.hikari.pool.PoolBase.newConnection(PoolBase.java:369)
	at com.zaxxer.hikari.pool.PoolBase.newPoolEntry(PoolBase.java:206)
	at com.zaxxer.hikari.pool.HikariPool.createPoolEntry(HikariPool.java:476)
	at com.zaxxer.hikari.pool.HikariPool.access$100(HikariPool.java:71)
	at com.zaxxer.hikari.pool.HikariPool$PoolEntryCreator.call(HikariPool.java:726)
	at com.zaxxer.hikari.pool.HikariPool$PoolEntryCreator.call(HikariPool.java:712)
	at java.base/java.util.concurrent.FutureTask.run(FutureTask.java:264)
	at java.base/java.util.concurrent.ThreadPoolExecutor.runWorker(ThreadPoolExecutor.java:1136)
	at java.base/java.util.concurrent.ThreadPoolExecutor$Worker.run(ThreadPoolExecutor.java:635)
	at java.base/java.lang.Thread.run(Thread.java:842)
2025-05-14 16:21:14 [SpringApplicationShutdownHook] WARN  o.s.b.f.s.DisposableBeanAdapter - Invocation of destroy method failed on bean with name 'inMemoryDatabaseShutdownExecutor': org.h2.jdbc.JdbcSQLNonTransientConnectionException: Database is already closed (to disable automatic closing at VM shutdown, add ";DB_CLOSE_ON_EXIT=FALSE" to the db URL) [90121-212]
2025-05-14 16:21:14 [SpringApplicationShutdownHook] INFO  com.zaxxer.hikari.HikariDataSource - HikariPool-1 - Shutdown initiated...
2025-05-14 16:21:14 [SpringApplicationShutdownHook] INFO  com.zaxxer.hikari.HikariDataSource - HikariPool-1 - Shutdown completed.
2025-05-14 16:21:17 [restartedMain] INFO  c.q.QiaoQiaoMatchThreeApplication - Starting QiaoQiaoMatchThreeApplication using Java 17.0.14 on LAPTOP-6GRC774H with PID 44144 (D:\code\QiaoQiaoMatchThree\target\classes started by XHDN in D:\code\QiaoQiaoMatchThree)
2025-05-14 16:21:17 [restartedMain] DEBUG c.q.QiaoQiaoMatchThreeApplication - Running with Spring Boot v2.7.0, Spring v5.3.20
2025-05-14 16:21:17 [restartedMain] INFO  c.q.QiaoQiaoMatchThreeApplication - No active profile set, falling back to 1 default profile: "default"
2025-05-14 16:21:17 [restartedMain] INFO  o.s.b.d.e.DevToolsPropertyDefaultsPostProcessor - Devtools property defaults active! Set 'spring.devtools.add-properties' to 'false' to disable
2025-05-14 16:21:17 [restartedMain] INFO  o.s.b.d.e.DevToolsPropertyDefaultsPostProcessor - For additional web related logging consider setting the 'logging.level.web' property to 'DEBUG'
2025-05-14 16:21:17 [restartedMain] INFO  o.s.d.r.c.RepositoryConfigurationDelegate - Bootstrapping Spring Data JPA repositories in DEFAULT mode.
2025-05-14 16:21:17 [restartedMain] INFO  o.s.d.r.c.RepositoryConfigurationDelegate - Finished Spring Data repository scanning in 33 ms. Found 2 JPA repository interfaces.
2025-05-14 16:21:18 [restartedMain] INFO  o.s.b.w.e.tomcat.TomcatWebServer - Tomcat initialized with port(s): 8080 (http)
2025-05-14 16:21:18 [restartedMain] INFO  o.a.catalina.core.StandardService - Starting service [Tomcat]
2025-05-14 16:21:18 [restartedMain] INFO  o.a.catalina.core.StandardEngine - Starting Servlet engine: [Apache Tomcat/9.0.63]
2025-05-14 16:21:18 [restartedMain] INFO  o.a.c.c.C.[Tomcat].[localhost].[/] - Initializing Spring embedded WebApplicationContext
2025-05-14 16:21:18 [restartedMain] INFO  o.s.b.w.s.c.ServletWebServerApplicationContext - Root WebApplicationContext: initialization completed in 989 ms
2025-05-14 16:21:18 [restartedMain] INFO  com.zaxxer.hikari.HikariDataSource - HikariPool-1 - Starting...
2025-05-14 16:21:18 [restartedMain] INFO  com.zaxxer.hikari.HikariDataSource - HikariPool-1 - Start completed.
2025-05-14 16:21:18 [restartedMain] INFO  o.s.b.a.h.H2ConsoleAutoConfiguration - H2 console available at '/h2-console'. Database available at 'jdbc:h2:mem:qiaoqiaodb'
2025-05-14 16:21:18 [restartedMain] INFO  o.h.jpa.internal.util.LogHelper - HHH000204: Processing PersistenceUnitInfo [name: default]
2025-05-14 16:21:18 [restartedMain] INFO  org.hibernate.Version - HHH000412: Hibernate ORM core version 5.6.9.Final
2025-05-14 16:21:18 [restartedMain] INFO  o.h.annotations.common.Version - HCANN000001: Hibernate Commons Annotations {5.1.2.Final}
2025-05-14 16:21:18 [restartedMain] INFO  org.hibernate.dialect.Dialect - HHH000400: Using dialect: org.hibernate.dialect.H2Dialect
2025-05-14 16:21:19 [restartedMain] INFO  o.h.e.t.j.p.i.JtaPlatformInitiator - HHH000490: Using JtaPlatform implementation: [org.hibernate.engine.transaction.jta.platform.internal.NoJtaPlatform]
2025-05-14 16:21:19 [restartedMain] INFO  o.s.o.j.LocalContainerEntityManagerFactoryBean - Initialized JPA EntityManagerFactory for persistence unit 'default'
2025-05-14 16:21:19 [restartedMain] WARN  o.s.b.a.o.j.JpaBaseConfiguration$JpaWebConfiguration - spring.jpa.open-in-view is enabled by default. Therefore, database queries may be performed during view rendering. Explicitly configure spring.jpa.open-in-view to disable this warning
2025-05-14 16:21:19 [restartedMain] WARN  o.s.b.a.s.s.UserDetailsServiceAutoConfiguration - 

Using generated security password: e829ba26-bc07-4f2d-8946-5c2ba7efa5f6

This generated password is for development use only. Your security configuration must be updated before running your application in production.

2025-05-14 16:21:19 [restartedMain] INFO  o.s.s.web.DefaultSecurityFilterChain - Will secure any request with [org.springframework.security.web.session.DisableEncodeUrlFilter@65ebe493, org.springframework.security.web.context.request.async.WebAsyncManagerIntegrationFilter@40190645, org.springframework.security.web.context.SecurityContextPersistenceFilter@23b8799f, org.springframework.security.web.header.HeaderWriterFilter@328c99fd, org.springframework.security.web.authentication.logout.LogoutFilter@525242f6, org.springframework.security.web.savedrequest.RequestCacheAwareFilter@51bdc4b4, org.springframework.security.web.servletapi.SecurityContextHolderAwareRequestFilter@5634675e, org.springframework.security.web.authentication.AnonymousAuthenticationFilter@7758e99e, org.springframework.security.web.session.SessionManagementFilter@d926431, org.springframework.security.web.access.ExceptionTranslationFilter@17f0e944, org.springframework.security.web.access.intercept.FilterSecurityInterceptor@c09d7dc]
2025-05-14 16:21:19 [restartedMain] INFO  o.s.b.a.w.s.WelcomePageHandlerMapping - Adding welcome page template: index
2025-05-14 16:21:19 [restartedMain] INFO  o.s.b.d.a.OptionalLiveReloadServer - LiveReload server is running on port 35729
2025-05-14 16:21:19 [restartedMain] INFO  o.s.b.w.e.tomcat.TomcatWebServer - Tomcat started on port(s): 8080 (http) with context path ''
2025-05-14 16:21:19 [restartedMain] INFO  c.q.QiaoQiaoMatchThreeApplication - Started QiaoQiaoMatchThreeApplication in 3.151 seconds (JVM running for 3.812)
2025-05-14 16:21:30 [http-nio-8080-exec-1] INFO  o.a.c.c.C.[Tomcat].[localhost].[/] - Initializing Spring DispatcherServlet 'dispatcherServlet'
2025-05-14 16:21:30 [http-nio-8080-exec-1] INFO  o.s.web.servlet.DispatcherServlet - Initializing Servlet 'dispatcherServlet'
2025-05-14 16:21:30 [http-nio-8080-exec-1] INFO  o.s.web.servlet.DispatcherServlet - Completed initialization in 1 ms
